2016-05-25 01:54:16,839 ERROR org.thymeleaf.templateparser.ErrorHandler [http-nio-9000-exec-8] [THYMELEAF][http-nio-9000-exec-8] Fatal error during parsing
org.xml.sax.SAXParseException: The element type "div" must be terminated by the matching end-tag "</div>".
	at org.apache.xerces.util.ErrorHandlerWrapper.createSAXParseException(Unknown Source) ~[xercesImpl-2.10.0.jar:?]
	at org.apache.xerces.util.ErrorHandlerWrapper.fatalError(Unknown Source) [xercesImpl-2.10.0.jar:?]
	at org.apache.xerces.impl.XMLErrorReporter.reportError(Unknown Source) [xercesImpl-2.10.0.jar:?]
	at org.apache.xerces.impl.XMLErrorReporter.reportError(Unknown Source) [xercesImpl-2.10.0.jar:?]
	at org.apache.xerces.impl.XMLErrorReporter.reportError(Unknown Source) [xercesImpl-2.10.0.jar:?]
	at org.apache.xerces.impl.XMLScanner.reportFatalError(Unknown Source) [xercesImpl-2.10.0.jar:?]
	at org.apache.xerces.impl.XMLDocumentFragmentScannerImpl.scanEndElement(Unknown Source) [xercesImpl-2.10.0.jar:?]
	at org.apache.xerces.impl.XMLDocumentFragmentScannerImpl$FragmentContentDispatcher.dispatch(Unknown Source) [xercesImpl-2.10.0.jar:?]
	at org.apache.xerces.impl.XMLDocumentFragmentScannerImpl.scanDocument(Unknown Source) [xercesImpl-2.10.0.jar:?]
	at org.apache.xerces.parsers.XML11Configuration.parse(Unknown Source) [xercesImpl-2.10.0.jar:?]
	at org.apache.xerces.parsers.XML11Configuration.parse(Unknown Source) [xercesImpl-2.10.0.jar:?]
	at org.apache.xerces.parsers.XMLParser.parse(Unknown Source) [xercesImpl-2.10.0.jar:?]
	at org.apache.xerces.parsers.AbstractSAXParser.parse(Unknown Source) [xercesImpl-2.10.0.jar:?]
	at org.apache.xerces.jaxp.SAXParserImpl$JAXPSAXParser.parse(Unknown Source) [xercesImpl-2.10.0.jar:?]
	at org.apache.xerces.jaxp.SAXParserImpl.parse(Unknown Source) [xercesImpl-2.10.0.jar:?]
	at org.thymeleaf.templateparser.xmlsax.AbstractNonValidatingSAXTemplateParser.doParse(AbstractNonValidatingSAXTemplateParser.java:209) [thymeleaf-2.1.4.RELEASE.jar:2.1.4.RELEASE]
	at org.thymeleaf.templateparser.xmlsax.AbstractNonValidatingSAXTemplateParser.parseTemplateUsingPool(AbstractNonValidatingSAXTemplateParser.java:134) [thymeleaf-2.1.4.RELEASE.jar:2.1.4.RELEASE]
	at org.thymeleaf.templateparser.xmlsax.AbstractNonValidatingSAXTemplateParser.parseTemplate(AbstractNonValidatingSAXTemplateParser.java:116) [thymeleaf-2.1.4.RELEASE.jar:2.1.4.RELEASE]
	at org.thymeleaf.TemplateRepository.getTemplate(TemplateRepository.java:278) [thymeleaf-2.1.4.RELEASE.jar:2.1.4.RELEASE]
	at org.thymeleaf.TemplateEngine.process(TemplateEngine.java:1104) [thymeleaf-2.1.4.RELEASE.jar:2.1.4.RELEASE]
	at org.thymeleaf.TemplateEngine.process(TemplateEngine.java:1060) [thymeleaf-2.1.4.RELEASE.jar:2.1.4.RELEASE]
	at org.thymeleaf.TemplateEngine.process(TemplateEngine.java:1011) [thymeleaf-2.1.4.RELEASE.jar:2.1.4.RELEASE]
	at org.thymeleaf.spring4.view.ThymeleafView.renderFragment(ThymeleafView.java:335) [thymeleaf-spring4-2.1.4.RELEASE.jar:2.1.4.RELEASE]
	at org.thymeleaf.spring4.view.ThymeleafView.render(ThymeleafView.java:190) [thymeleaf-spring4-2.1.4.RELEASE.jar:2.1.4.RELEASE]
	at org.springframework.web.servlet.DispatcherServlet.render(DispatcherServlet.java:1243) [spring-webmvc-4.2.4.RELEASE.jar:4.2.4.RELEASE]
	at org.springframework.web.servlet.DispatcherServlet.processDispatchResult(DispatcherServlet.java:1027) [spring-webmvc-4.2.4.RELEASE.jar:4.2.4.RELEASE]
	at org.springframework.web.servlet.DispatcherServlet.doDispatch(DispatcherServlet.java:971) [spring-webmvc-4.2.4.RELEASE.jar:4.2.4.RELEASE]
	at org.springframework.web.servlet.DispatcherServlet.doService(DispatcherServlet.java:893) [spring-webmvc-4.2.4.RELEASE.jar:4.2.4.RELEASE]
	at org.springframework.web.servlet.FrameworkServlet.processRequest(FrameworkServlet.java:969) [spring-webmvc-4.2.4.RELEASE.jar:4.2.4.RELEASE]
	at org.springframework.web.servlet.FrameworkServlet.doGet(FrameworkServlet.java:860) [spring-webmvc-4.2.4.RELEASE.jar:4.2.4.RELEASE]
	at javax.servlet.http.HttpServlet.service(HttpServlet.java:622) [tomcat-embed-core-8.0.30.jar:8.0.30]
	at org.springframework.web.servlet.FrameworkServlet.service(FrameworkServlet.java:845) [spring-webmvc-4.2.4.RELEASE.jar:4.2.4.RELEASE]
	at javax.servlet.http.HttpServlet.service(HttpServlet.java:729) [tomcat-embed-core-8.0.30.jar:8.0.30]
	at org.apache.catalina.core.ApplicationFilterChain.internalDoFilter(ApplicationFilterChain.java:291) [tomcat-embed-core-8.0.30.jar:8.0.30]
	at org.apache.catalina.core.ApplicationFilterChain.doFilter(ApplicationFilterChain.java:206) [tomcat-embed-core-8.0.30.jar:8.0.30]
	at org.apache.tomcat.websocket.server.WsFilter.doFilter(WsFilter.java:52) [tomcat-embed-websocket-8.0.30.jar:8.0.30]
	at org.apache.catalina.core.ApplicationFilterChain.internalDoFilter(ApplicationFilterChain.java:239) [tomcat-embed-core-8.0.30.jar:8.0.30]
	at org.apache.catalina.core.ApplicationFilterChain.doFilter(ApplicationFilterChain.java:206) [tomcat-embed-core-8.0.30.jar:8.0.30]
	at org.springframework.security.web.FilterChainProxy$VirtualFilterChain.doFilter(FilterChainProxy.java:316) [spring-security-web-4.0.3.RELEASE.jar:4.0.3.RELEASE]
	at org.springframework.security.web.access.intercept.FilterSecurityInterceptor.invoke(FilterSecurityInterceptor.java:126) [spring-security-web-4.0.3.RELEASE.jar:4.0.3.RELEASE]
	at org.springframework.security.web.access.intercept.FilterSecurityInterceptor.doFilter(FilterSecurityInterceptor.java:90) [spring-security-web-4.0.3.RELEASE.jar:4.0.3.RELEASE]
	at org.springframework.security.web.FilterChainProxy$VirtualFilterChain.doFilter(FilterChainProxy.java:330) [spring-security-web-4.0.3.RELEASE.jar:4.0.3.RELEASE]
	at org.springframework.security.web.access.ExceptionTranslationFilter.doFilter(ExceptionTranslationFilter.java:114) [spring-security-web-4.0.3.RELEASE.jar:4.0.3.RELEASE]
	at org.springframework.security.web.FilterChainProxy$VirtualFilterChain.doFilter(FilterChainProxy.java:330) [spring-security-web-4.0.3.RELEASE.jar:4.0.3.RELEASE]
	at org.springframework.security.web.session.SessionManagementFilter.doFilter(SessionManagementFilter.java:122) [spring-security-web-4.0.3.RELEASE.jar:4.0.3.RELEASE]
	at org.springframework.security.web.FilterChainProxy$VirtualFilterChain.doFilter(FilterChainProxy.java:330) [spring-security-web-4.0.3.RELEASE.jar:4.0.3.RELEASE]
	at org.springframework.security.web.authentication.AnonymousAuthenticationFilter.doFilter(AnonymousAuthenticationFilter.java:111) [spring-security-web-4.0.3.RELEASE.jar:4.0.3.RELEASE]
	at org.springframework.security.web.FilterChainProxy$VirtualFilterChain.doFilter(FilterChainProxy.java:330) [spring-security-web-4.0.3.RELEASE.jar:4.0.3.RELEASE]
	at org.springframework.security.web.servletapi.SecurityContextHolderAwareRequestFilter.doFilter(SecurityContextHolderAwareRequestFilter.java:169) [spring-security-web-4.0.3.RELEASE.jar:4.0.3.RELEASE]
	at org.springframework.security.web.FilterChainProxy$VirtualFilterChain.doFilter(FilterChainProxy.java:330) [spring-security-web-4.0.3.RELEASE.jar:4.0.3.RELEASE]
	at org.springframework.security.web.savedrequest.RequestCacheAwareFilter.doFilter(RequestCacheAwareFilter.java:48) [spring-security-web-4.0.3.RELEASE.jar:4.0.3.RELEASE]
	at org.springframework.security.web.FilterChainProxy$VirtualFilterChain.doFilter(FilterChainProxy.java:330) [spring-security-web-4.0.3.RELEASE.jar:4.0.3.RELEASE]
	at org.springframework.security.web.authentication.logout.LogoutFilter.doFilter(LogoutFilter.java:120) [spring-security-web-4.0.3.RELEASE.jar:4.0.3.RELEASE]
	at org.springframework.security.web.FilterChainProxy$VirtualFilterChain.doFilter(FilterChainProxy.java:330) [spring-security-web-4.0.3.RELEASE.jar:4.0.3.RELEASE]
	at org.springframework.security.web.csrf.CsrfFilter.doFilterInternal(CsrfFilter.java:96) [spring-security-web-4.0.3.RELEASE.jar:4.0.3.RELEASE]
	at org.springframework.web.filter.OncePerRequestFilter.doFilter(OncePerRequestFilter.java:107) [spring-web-4.2.4.RELEASE.jar:4.2.4.RELEASE]
	at org.springframework.security.web.FilterChainProxy$VirtualFilterChain.doFilter(FilterChainProxy.java:330) [spring-security-web-4.0.3.RELEASE.jar:4.0.3.RELEASE]
	at org.springframework.security.web.header.HeaderWriterFilter.doFilterInternal(HeaderWriterFilter.java:64) [spring-security-web-4.0.3.RELEASE.jar:4.0.3.RELEASE]
	at org.springframework.web.filter.OncePerRequestFilter.doFilter(OncePerRequestFilter.java:107) [spring-web-4.2.4.RELEASE.jar:4.2.4.RELEASE]
	at org.springframework.security.web.FilterChainProxy$VirtualFilterChain.doFilter(FilterChainProxy.java:330) [spring-security-web-4.0.3.RELEASE.jar:4.0.3.RELEASE]
	at org.springframework.security.web.context.SecurityContextPersistenceFilter.doFilter(SecurityContextPersistenceFilter.java:91) [spring-security-web-4.0.3.RELEASE.jar:4.0.3.RELEASE]
	at org.springframework.security.web.FilterChainProxy$VirtualFilterChain.doFilter(FilterChainProxy.java:330) [spring-security-web-4.0.3.RELEASE.jar:4.0.3.RELEASE]
	at org.springframework.security.web.context.request.async.WebAsyncManagerIntegrationFilter.doFilterInternal(WebAsyncManagerIntegrationFilter.java:53) [spring-security-web-4.0.3.RELEASE.jar:4.0.3.RELEASE]
	at org.springframework.web.filter.OncePerRequestFilter.doFilter(OncePerRequestFilter.java:107) [spring-web-4.2.4.RELEASE.jar:4.2.4.RELEASE]
	at org.springframework.security.web.FilterChainProxy$VirtualFilterChain.doFilter(FilterChainProxy.java:330) [spring-security-web-4.0.3.RELEASE.jar:4.0.3.RELEASE]
	at org.springframework.security.web.FilterChainProxy.doFilterInternal(FilterChainProxy.java:213) [spring-security-web-4.0.3.RELEASE.jar:4.0.3.RELEASE]
	at org.springframework.security.web.FilterChainProxy.doFilter(FilterChainProxy.java:176) [spring-security-web-4.0.3.RELEASE.jar:4.0.3.RELEASE]
	at org.springframework.web.filter.DelegatingFilterProxy.invokeDelegate(DelegatingFilterProxy.java:346) [spring-web-4.2.4.RELEASE.jar:4.2.4.RELEASE]
	at org.springframework.web.filter.DelegatingFilterProxy.doFilter(DelegatingFilterProxy.java:262) [spring-web-4.2.4.RELEASE.jar:4.2.4.RELEASE]
	at org.apache.catalina.core.ApplicationFilterChain.internalDoFilter(ApplicationFilterChain.java:239) [tomcat-embed-core-8.0.30.jar:8.0.30]
	at org.apache.catalina.core.ApplicationFilterChain.doFilter(ApplicationFilterChain.java:206) [tomcat-embed-core-8.0.30.jar:8.0.30]
	at org.springframework.web.filter.RequestContextFilter.doFilterInternal(RequestContextFilter.java:99) [spring-web-4.2.4.RELEASE.jar:4.2.4.RELEASE]
	at org.springframework.web.filter.OncePerRequestFilter.doFilter(OncePerRequestFilter.java:107) [spring-web-4.2.4.RELEASE.jar:4.2.4.RELEASE]
	at org.apache.catalina.core.ApplicationFilterChain.internalDoFilter(ApplicationFilterChain.java:239) [tomcat-embed-core-8.0.30.jar:8.0.30]
	at org.apache.catalina.core.ApplicationFilterChain.doFilter(ApplicationFilterChain.java:206) [tomcat-embed-core-8.0.30.jar:8.0.30]
	at org.springframework.web.filter.CharacterEncodingFilter.doFilterInternal(CharacterEncodingFilter.java:121) [spring-web-4.2.4.RELEASE.jar:4.2.4.RELEASE]
	at org.springframework.web.filter.OncePerRequestFilter.doFilter(OncePerRequestFilter.java:107) [spring-web-4.2.4.RELEASE.jar:4.2.4.RELEASE]
	at org.apache.catalina.core.ApplicationFilterChain.internalDoFilter(ApplicationFilterChain.java:239) [tomcat-embed-core-8.0.30.jar:8.0.30]
	at org.apache.catalina.core.ApplicationFilterChain.doFilter(ApplicationFilterChain.java:206) [tomcat-embed-core-8.0.30.jar:8.0.30]
	at org.apache.catalina.core.StandardWrapperValve.invoke(StandardWrapperValve.java:212) [tomcat-embed-core-8.0.30.jar:8.0.30]
	at org.apache.catalina.core.StandardContextValve.invoke(StandardContextValve.java:106) [tomcat-embed-core-8.0.30.jar:8.0.30]
	at org.apache.catalina.authenticator.AuthenticatorBase.invoke(AuthenticatorBase.java:502) [tomcat-embed-core-8.0.30.jar:8.0.30]
	at org.apache.catalina.core.StandardHostValve.invoke(StandardHostValve.java:141) [tomcat-embed-core-8.0.30.jar:8.0.30]
	at org.apache.catalina.valves.ErrorReportValve.invoke(ErrorReportValve.java:79) [tomcat-embed-core-8.0.30.jar:8.0.30]
	at org.apache.catalina.core.StandardEngineValve.invoke(StandardEngineValve.java:88) [tomcat-embed-core-8.0.30.jar:8.0.30]
	at org.apache.catalina.connector.CoyoteAdapter.service(CoyoteAdapter.java:521) [tomcat-embed-core-8.0.30.jar:8.0.30]
	at org.apache.coyote.http11.AbstractHttp11Processor.process(AbstractHttp11Processor.java:1096) [tomcat-embed-core-8.0.30.jar:8.0.30]
	at org.apache.coyote.AbstractProtocol$AbstractConnectionHandler.process(AbstractProtocol.java:674) [tomcat-embed-core-8.0.30.jar:8.0.30]
	at org.apache.tomcat.util.net.NioEndpoint$SocketProcessor.doRun(NioEndpoint.java:1500) [tomcat-embed-core-8.0.30.jar:8.0.30]
	at org.apache.tomcat.util.net.NioEndpoint$SocketProcessor.run(NioEndpoint.java:1456) [tomcat-embed-core-8.0.30.jar:8.0.30]
	at java.util.concurrent.ThreadPoolExecutor.runWorker(ThreadPoolExecutor.java:1142) [?:1.8.0_72]
	at java.util.concurrent.ThreadPoolExecutor$Worker.run(ThreadPoolExecutor.java:617) [?:1.8.0_72]
	at org.apache.tomcat.util.threads.TaskThread$WrappingRunnable.run(TaskThread.java:61) [tomcat-embed-core-8.0.30.jar:8.0.30]
	at java.lang.Thread.run(Thread.java:745) [?:1.8.0_72]
2016-05-25 01:54:16,855 ERROR org.thymeleaf.TemplateEngine [http-nio-9000-exec-8] [THYMELEAF][http-nio-9000-exec-8] Exception processing template "index": Exception parsing document: template="index", line 68 - column 3
2016-05-25 01:54:16,861 ERROR org.apache.catalina.core.ContainerBase.[Tomcat].[localhost].[/].[dispatcherServlet] [http-nio-9000-exec-8] Servlet.service() for servlet [dispatcherServlet] in context with path [] threw exception [Request processing failed; nested exception is org.thymeleaf.exceptions.TemplateInputException: Exception parsing document: template="index", line 68 - column 3] with root cause
org.xml.sax.SAXParseException: The element type "div" must be terminated by the matching end-tag "</div>".
	at org.apache.xerces.util.ErrorHandlerWrapper.createSAXParseException(Unknown Source) ~[xercesImpl-2.10.0.jar:?]
	at org.apache.xerces.util.ErrorHandlerWrapper.fatalError(Unknown Source) ~[xercesImpl-2.10.0.jar:?]
	at org.apache.xerces.impl.XMLErrorReporter.reportError(Unknown Source) ~[xercesImpl-2.10.0.jar:?]
	at org.apache.xerces.impl.XMLErrorReporter.reportError(Unknown Source) ~[xercesImpl-2.10.0.jar:?]
	at org.apache.xerces.impl.XMLErrorReporter.reportError(Unknown Source) ~[xercesImpl-2.10.0.jar:?]
	at org.apache.xerces.impl.XMLScanner.reportFatalError(Unknown Source) ~[xercesImpl-2.10.0.jar:?]
	at org.apache.xerces.impl.XMLDocumentFragmentScannerImpl.scanEndElement(Unknown Source) ~[xercesImpl-2.10.0.jar:?]
	at org.apache.xerces.impl.XMLDocumentFragmentScannerImpl$FragmentContentDispatcher.dispatch(Unknown Source) ~[xercesImpl-2.10.0.jar:?]
	at org.apache.xerces.impl.XMLDocumentFragmentScannerImpl.scanDocument(Unknown Source) ~[xercesImpl-2.10.0.jar:?]
	at org.apache.xerces.parsers.XML11Configuration.parse(Unknown Source) ~[xercesImpl-2.10.0.jar:?]
	at org.apache.xerces.parsers.XML11Configuration.parse(Unknown Source) ~[xercesImpl-2.10.0.jar:?]
	at org.apache.xerces.parsers.XMLParser.parse(Unknown Source) ~[xercesImpl-2.10.0.jar:?]
	at org.apache.xerces.parsers.AbstractSAXParser.parse(Unknown Source) ~[xercesImpl-2.10.0.jar:?]
	at org.apache.xerces.jaxp.SAXParserImpl$JAXPSAXParser.parse(Unknown Source) ~[xercesImpl-2.10.0.jar:?]
	at org.apache.xerces.jaxp.SAXParserImpl.parse(Unknown Source) ~[xercesImpl-2.10.0.jar:?]
	at org.thymeleaf.templateparser.xmlsax.AbstractNonValidatingSAXTemplateParser.doParse(AbstractNonValidatingSAXTemplateParser.java:209) ~[thymeleaf-2.1.4.RELEASE.jar:2.1.4.RELEASE]
	at org.thymeleaf.templateparser.xmlsax.AbstractNonValidatingSAXTemplateParser.parseTemplateUsingPool(AbstractNonValidatingSAXTemplateParser.java:134) ~[thymeleaf-2.1.4.RELEASE.jar:2.1.4.RELEASE]
	at org.thymeleaf.templateparser.xmlsax.AbstractNonValidatingSAXTemplateParser.parseTemplate(AbstractNonValidatingSAXTemplateParser.java:116) ~[thymeleaf-2.1.4.RELEASE.jar:2.1.4.RELEASE]
	at org.thymeleaf.TemplateRepository.getTemplate(TemplateRepository.java:278) ~[thymeleaf-2.1.4.RELEASE.jar:2.1.4.RELEASE]
	at org.thymeleaf.TemplateEngine.process(TemplateEngine.java:1104) ~[thymeleaf-2.1.4.RELEASE.jar:2.1.4.RELEASE]
	at org.thymeleaf.TemplateEngine.process(TemplateEngine.java:1060) ~[thymeleaf-2.1.4.RELEASE.jar:2.1.4.RELEASE]
	at org.thymeleaf.TemplateEngine.process(TemplateEngine.java:1011) ~[thymeleaf-2.1.4.RELEASE.jar:2.1.4.RELEASE]
	at org.thymeleaf.spring4.view.ThymeleafView.renderFragment(ThymeleafView.java:335) ~[thymeleaf-spring4-2.1.4.RELEASE.jar:2.1.4.RELEASE]
	at org.thymeleaf.spring4.view.ThymeleafView.render(ThymeleafView.java:190) ~[thymeleaf-spring4-2.1.4.RELEASE.jar:2.1.4.RELEASE]
	at org.springframework.web.servlet.DispatcherServlet.render(DispatcherServlet.java:1243) ~[spring-webmvc-4.2.4.RELEASE.jar:4.2.4.RELEASE]
	at org.springframework.web.servlet.DispatcherServlet.processDispatchResult(DispatcherServlet.java:1027) ~[spring-webmvc-4.2.4.RELEASE.jar:4.2.4.RELEASE]
	at org.springframework.web.servlet.DispatcherServlet.doDispatch(DispatcherServlet.java:971) ~[spring-webmvc-4.2.4.RELEASE.jar:4.2.4.RELEASE]
	at org.springframework.web.servlet.DispatcherServlet.doService(DispatcherServlet.java:893) ~[spring-webmvc-4.2.4.RELEASE.jar:4.2.4.RELEASE]
	at org.springframework.web.servlet.FrameworkServlet.processRequest(FrameworkServlet.java:969) ~[spring-webmvc-4.2.4.RELEASE.jar:4.2.4.RELEASE]
	at org.springframework.web.servlet.FrameworkServlet.doGet(FrameworkServlet.java:860) ~[spring-webmvc-4.2.4.RELEASE.jar:4.2.4.RELEASE]
	at javax.servlet.http.HttpServlet.service(HttpServlet.java:622) ~[tomcat-embed-core-8.0.30.jar:8.0.30]
	at org.springframework.web.servlet.FrameworkServlet.service(FrameworkServlet.java:845) ~[spring-webmvc-4.2.4.RELEASE.jar:4.2.4.RELEASE]
	at javax.servlet.http.HttpServlet.service(HttpServlet.java:729) ~[tomcat-embed-core-8.0.30.jar:8.0.30]
	at org.apache.catalina.core.ApplicationFilterChain.internalDoFilter(ApplicationFilterChain.java:291) ~[tomcat-embed-core-8.0.30.jar:8.0.30]
	at org.apache.catalina.core.ApplicationFilterChain.doFilter(ApplicationFilterChain.java:206) ~[tomcat-embed-core-8.0.30.jar:8.0.30]
	at org.apache.tomcat.websocket.server.WsFilter.doFilter(WsFilter.java:52) ~[tomcat-embed-websocket-8.0.30.jar:8.0.30]
	at org.apache.catalina.core.ApplicationFilterChain.internalDoFilter(ApplicationFilterChain.java:239) ~[tomcat-embed-core-8.0.30.jar:8.0.30]
	at org.apache.catalina.core.ApplicationFilterChain.doFilter(ApplicationFilterChain.java:206) ~[tomcat-embed-core-8.0.30.jar:8.0.30]
	at org.springframework.security.web.FilterChainProxy$VirtualFilterChain.doFilter(FilterChainProxy.java:316) ~[spring-security-web-4.0.3.RELEASE.jar:4.0.3.RELEASE]
	at org.springframework.security.web.access.intercept.FilterSecurityInterceptor.invoke(FilterSecurityInterceptor.java:126) ~[spring-security-web-4.0.3.RELEASE.jar:4.0.3.RELEASE]
	at org.springframework.security.web.access.intercept.FilterSecurityInterceptor.doFilter(FilterSecurityInterceptor.java:90) ~[spring-security-web-4.0.3.RELEASE.jar:4.0.3.RELEASE]
	at org.springframework.security.web.FilterChainProxy$VirtualFilterChain.doFilter(FilterChainProxy.java:330) ~[spring-security-web-4.0.3.RELEASE.jar:4.0.3.RELEASE]
	at org.springframework.security.web.access.ExceptionTranslationFilter.doFilter(ExceptionTranslationFilter.java:114) ~[spring-security-web-4.0.3.RELEASE.jar:4.0.3.RELEASE]
	at org.springframework.security.web.FilterChainProxy$VirtualFilterChain.doFilter(FilterChainProxy.java:330) ~[spring-security-web-4.0.3.RELEASE.jar:4.0.3.RELEASE]
	at org.springframework.security.web.session.SessionManagementFilter.doFilter(SessionManagementFilter.java:122) ~[spring-security-web-4.0.3.RELEASE.jar:4.0.3.RELEASE]
	at org.springframework.security.web.FilterChainProxy$VirtualFilterChain.doFilter(FilterChainProxy.java:330) ~[spring-security-web-4.0.3.RELEASE.jar:4.0.3.RELEASE]
	at org.springframework.security.web.authentication.AnonymousAuthenticationFilter.doFilter(AnonymousAuthenticationFilter.java:111) ~[spring-security-web-4.0.3.RELEASE.jar:4.0.3.RELEASE]
	at org.springframework.security.web.FilterChainProxy$VirtualFilterChain.doFilter(FilterChainProxy.java:330) ~[spring-security-web-4.0.3.RELEASE.jar:4.0.3.RELEASE]
	at org.springframework.security.web.servletapi.SecurityContextHolderAwareRequestFilter.doFilter(SecurityContextHolderAwareRequestFilter.java:169) ~[spring-security-web-4.0.3.RELEASE.jar:4.0.3.RELEASE]
	at org.springframework.security.web.FilterChainProxy$VirtualFilterChain.doFilter(FilterChainProxy.java:330) ~[spring-security-web-4.0.3.RELEASE.jar:4.0.3.RELEASE]
	at org.springframework.security.web.savedrequest.RequestCacheAwareFilter.doFilter(RequestCacheAwareFilter.java:48) ~[spring-security-web-4.0.3.RELEASE.jar:4.0.3.RELEASE]
	at org.springframework.security.web.FilterChainProxy$VirtualFilterChain.doFilter(FilterChainProxy.java:330) ~[spring-security-web-4.0.3.RELEASE.jar:4.0.3.RELEASE]
	at org.springframework.security.web.authentication.logout.LogoutFilter.doFilter(LogoutFilter.java:120) ~[spring-security-web-4.0.3.RELEASE.jar:4.0.3.RELEASE]
	at org.springframework.security.web.FilterChainProxy$VirtualFilterChain.doFilter(FilterChainProxy.java:330) ~[spring-security-web-4.0.3.RELEASE.jar:4.0.3.RELEASE]
	at org.springframework.security.web.csrf.CsrfFilter.doFilterInternal(CsrfFilter.java:96) ~[spring-security-web-4.0.3.RELEASE.jar:4.0.3.RELEASE]
	at org.springframework.web.filter.OncePerRequestFilter.doFilter(OncePerRequestFilter.java:107) ~[spring-web-4.2.4.RELEASE.jar:4.2.4.RELEASE]
	at org.springframework.security.web.FilterChainProxy$VirtualFilterChain.doFilter(FilterChainProxy.java:330) ~[spring-security-web-4.0.3.RELEASE.jar:4.0.3.RELEASE]
	at org.springframework.security.web.header.HeaderWriterFilter.doFilterInternal(HeaderWriterFilter.java:64) ~[spring-security-web-4.0.3.RELEASE.jar:4.0.3.RELEASE]
	at org.springframework.web.filter.OncePerRequestFilter.doFilter(OncePerRequestFilter.java:107) ~[spring-web-4.2.4.RELEASE.jar:4.2.4.RELEASE]
	at org.springframework.security.web.FilterChainProxy$VirtualFilterChain.doFilter(FilterChainProxy.java:330) ~[spring-security-web-4.0.3.RELEASE.jar:4.0.3.RELEASE]
	at org.springframework.security.web.context.SecurityContextPersistenceFilter.doFilter(SecurityContextPersistenceFilter.java:91) ~[spring-security-web-4.0.3.RELEASE.jar:4.0.3.RELEASE]
	at org.springframework.security.web.FilterChainProxy$VirtualFilterChain.doFilter(FilterChainProxy.java:330) ~[spring-security-web-4.0.3.RELEASE.jar:4.0.3.RELEASE]
	at org.springframework.security.web.context.request.async.WebAsyncManagerIntegrationFilter.doFilterInternal(WebAsyncManagerIntegrationFilter.java:53) ~[spring-security-web-4.0.3.RELEASE.jar:4.0.3.RELEASE]
	at org.springframework.web.filter.OncePerRequestFilter.doFilter(OncePerRequestFilter.java:107) ~[spring-web-4.2.4.RELEASE.jar:4.2.4.RELEASE]
	at org.springframework.security.web.FilterChainProxy$VirtualFilterChain.doFilter(FilterChainProxy.java:330) ~[spring-security-web-4.0.3.RELEASE.jar:4.0.3.RELEASE]
	at org.springframework.security.web.FilterChainProxy.doFilterInternal(FilterChainProxy.java:213) ~[spring-security-web-4.0.3.RELEASE.jar:4.0.3.RELEASE]
	at org.springframework.security.web.FilterChainProxy.doFilter(FilterChainProxy.java:176) ~[spring-security-web-4.0.3.RELEASE.jar:4.0.3.RELEASE]
	at org.springframework.web.filter.DelegatingFilterProxy.invokeDelegate(DelegatingFilterProxy.java:346) ~[spring-web-4.2.4.RELEASE.jar:4.2.4.RELEASE]
	at org.springframework.web.filter.DelegatingFilterProxy.doFilter(DelegatingFilterProxy.java:262) ~[spring-web-4.2.4.RELEASE.jar:4.2.4.RELEASE]
	at org.apache.catalina.core.ApplicationFilterChain.internalDoFilter(ApplicationFilterChain.java:239) ~[tomcat-embed-core-8.0.30.jar:8.0.30]
	at org.apache.catalina.core.ApplicationFilterChain.doFilter(ApplicationFilterChain.java:206) ~[tomcat-embed-core-8.0.30.jar:8.0.30]
	at org.springframework.web.filter.RequestContextFilter.doFilterInternal(RequestContextFilter.java:99) ~[spring-web-4.2.4.RELEASE.jar:4.2.4.RELEASE]
	at org.springframework.web.filter.OncePerRequestFilter.doFilter(OncePerRequestFilter.java:107) ~[spring-web-4.2.4.RELEASE.jar:4.2.4.RELEASE]
	at org.apache.catalina.core.ApplicationFilterChain.internalDoFilter(ApplicationFilterChain.java:239) ~[tomcat-embed-core-8.0.30.jar:8.0.30]
	at org.apache.catalina.core.ApplicationFilterChain.doFilter(ApplicationFilterChain.java:206) ~[tomcat-embed-core-8.0.30.jar:8.0.30]
	at org.springframework.web.filter.CharacterEncodingFilter.doFilterInternal(CharacterEncodingFilter.java:121) ~[spring-web-4.2.4.RELEASE.jar:4.2.4.RELEASE]
	at org.springframework.web.filter.OncePerRequestFilter.doFilter(OncePerRequestFilter.java:107) ~[spring-web-4.2.4.RELEASE.jar:4.2.4.RELEASE]
	at org.apache.catalina.core.ApplicationFilterChain.internalDoFilter(ApplicationFilterChain.java:239) ~[tomcat-embed-core-8.0.30.jar:8.0.30]
	at org.apache.catalina.core.ApplicationFilterChain.doFilter(ApplicationFilterChain.java:206) ~[tomcat-embed-core-8.0.30.jar:8.0.30]
	at org.apache.catalina.core.StandardWrapperValve.invoke(StandardWrapperValve.java:212) [tomcat-embed-core-8.0.30.jar:8.0.30]
	at org.apache.catalina.core.StandardContextValve.invoke(StandardContextValve.java:106) [tomcat-embed-core-8.0.30.jar:8.0.30]
	at org.apache.catalina.authenticator.AuthenticatorBase.invoke(AuthenticatorBase.java:502) [tomcat-embed-core-8.0.30.jar:8.0.30]
	at org.apache.catalina.core.StandardHostValve.invoke(StandardHostValve.java:141) [tomcat-embed-core-8.0.30.jar:8.0.30]
	at org.apache.catalina.valves.ErrorReportValve.invoke(ErrorReportValve.java:79) [tomcat-embed-core-8.0.30.jar:8.0.30]
	at org.apache.catalina.core.StandardEngineValve.invoke(StandardEngineValve.java:88) [tomcat-embed-core-8.0.30.jar:8.0.30]
	at org.apache.catalina.connector.CoyoteAdapter.service(CoyoteAdapter.java:521) [tomcat-embed-core-8.0.30.jar:8.0.30]
	at org.apache.coyote.http11.AbstractHttp11Processor.process(AbstractHttp11Processor.java:1096) [tomcat-embed-core-8.0.30.jar:8.0.30]
	at org.apache.coyote.AbstractProtocol$AbstractConnectionHandler.process(AbstractProtocol.java:674) [tomcat-embed-core-8.0.30.jar:8.0.30]
	at org.apache.tomcat.util.net.NioEndpoint$SocketProcessor.doRun(NioEndpoint.java:1500) [tomcat-embed-core-8.0.30.jar:8.0.30]
	at org.apache.tomcat.util.net.NioEndpoint$SocketProcessor.run(NioEndpoint.java:1456) [tomcat-embed-core-8.0.30.jar:8.0.30]
	at java.util.concurrent.ThreadPoolExecutor.runWorker(ThreadPoolExecutor.java:1142) [?:1.8.0_72]
	at java.util.concurrent.ThreadPoolExecutor$Worker.run(ThreadPoolExecutor.java:617) [?:1.8.0_72]
	at org.apache.tomcat.util.threads.TaskThread$WrappingRunnable.run(TaskThread.java:61) [tomcat-embed-core-8.0.30.jar:8.0.30]
	at java.lang.Thread.run(Thread.java:745) [?:1.8.0_72]
2016-05-25 02:28:01,270 ERROR org.thymeleaf.templateparser.ErrorHandler [http-nio-9000-exec-10] [THYMELEAF][http-nio-9000-exec-10] Fatal error during parsing
org.xml.sax.SAXParseException: The element type "input" must be terminated by the matching end-tag "</input>".
	at org.apache.xerces.util.ErrorHandlerWrapper.createSAXParseException(Unknown Source) ~[xercesImpl-2.10.0.jar:?]
	at org.apache.xerces.util.ErrorHandlerWrapper.fatalError(Unknown Source) [xercesImpl-2.10.0.jar:?]
	at org.apache.xerces.impl.XMLErrorReporter.reportError(Unknown Source) [xercesImpl-2.10.0.jar:?]
	at org.apache.xerces.impl.XMLErrorReporter.reportError(Unknown Source) [xercesImpl-2.10.0.jar:?]
	at org.apache.xerces.impl.XMLErrorReporter.reportError(Unknown Source) [xercesImpl-2.10.0.jar:?]
	at org.apache.xerces.impl.XMLScanner.reportFatalError(Unknown Source) [xercesImpl-2.10.0.jar:?]
	at org.apache.xerces.impl.XMLDocumentFragmentScannerImpl.scanEndElement(Unknown Source) [xercesImpl-2.10.0.jar:?]
	at org.apache.xerces.impl.XMLDocumentFragmentScannerImpl$FragmentContentDispatcher.dispatch(Unknown Source) [xercesImpl-2.10.0.jar:?]
	at org.apache.xerces.impl.XMLDocumentFragmentScannerImpl.scanDocument(Unknown Source) [xercesImpl-2.10.0.jar:?]
	at org.apache.xerces.parsers.XML11Configuration.parse(Unknown Source) [xercesImpl-2.10.0.jar:?]
	at org.apache.xerces.parsers.XML11Configuration.parse(Unknown Source) [xercesImpl-2.10.0.jar:?]
	at org.apache.xerces.parsers.XMLParser.parse(Unknown Source) [xercesImpl-2.10.0.jar:?]
	at org.apache.xerces.parsers.AbstractSAXParser.parse(Unknown Source) [xercesImpl-2.10.0.jar:?]
	at org.apache.xerces.jaxp.SAXParserImpl$JAXPSAXParser.parse(Unknown Source) [xercesImpl-2.10.0.jar:?]
	at org.apache.xerces.jaxp.SAXParserImpl.parse(Unknown Source) [xercesImpl-2.10.0.jar:?]
	at org.thymeleaf.templateparser.xmlsax.AbstractNonValidatingSAXTemplateParser.doParse(AbstractNonValidatingSAXTemplateParser.java:209) [thymeleaf-2.1.4.RELEASE.jar:2.1.4.RELEASE]
	at org.thymeleaf.templateparser.xmlsax.AbstractNonValidatingSAXTemplateParser.parseTemplateUsingPool(AbstractNonValidatingSAXTemplateParser.java:134) [thymeleaf-2.1.4.RELEASE.jar:2.1.4.RELEASE]
	at org.thymeleaf.templateparser.xmlsax.AbstractNonValidatingSAXTemplateParser.parseTemplate(AbstractNonValidatingSAXTemplateParser.java:116) [thymeleaf-2.1.4.RELEASE.jar:2.1.4.RELEASE]
	at org.thymeleaf.TemplateRepository.getTemplate(TemplateRepository.java:278) [thymeleaf-2.1.4.RELEASE.jar:2.1.4.RELEASE]
	at org.thymeleaf.TemplateEngine.process(TemplateEngine.java:1104) [thymeleaf-2.1.4.RELEASE.jar:2.1.4.RELEASE]
	at org.thymeleaf.TemplateEngine.process(TemplateEngine.java:1060) [thymeleaf-2.1.4.RELEASE.jar:2.1.4.RELEASE]
	at org.thymeleaf.TemplateEngine.process(TemplateEngine.java:1011) [thymeleaf-2.1.4.RELEASE.jar:2.1.4.RELEASE]
	at org.thymeleaf.spring4.view.ThymeleafView.renderFragment(ThymeleafView.java:335) [thymeleaf-spring4-2.1.4.RELEASE.jar:2.1.4.RELEASE]
	at org.thymeleaf.spring4.view.ThymeleafView.render(ThymeleafView.java:190) [thymeleaf-spring4-2.1.4.RELEASE.jar:2.1.4.RELEASE]
	at org.springframework.web.servlet.DispatcherServlet.render(DispatcherServlet.java:1243) [spring-webmvc-4.2.4.RELEASE.jar:4.2.4.RELEASE]
	at org.springframework.web.servlet.DispatcherServlet.processDispatchResult(DispatcherServlet.java:1027) [spring-webmvc-4.2.4.RELEASE.jar:4.2.4.RELEASE]
	at org.springframework.web.servlet.DispatcherServlet.doDispatch(DispatcherServlet.java:971) [spring-webmvc-4.2.4.RELEASE.jar:4.2.4.RELEASE]
	at org.springframework.web.servlet.DispatcherServlet.doService(DispatcherServlet.java:893) [spring-webmvc-4.2.4.RELEASE.jar:4.2.4.RELEASE]
	at org.springframework.web.servlet.FrameworkServlet.processRequest(FrameworkServlet.java:969) [spring-webmvc-4.2.4.RELEASE.jar:4.2.4.RELEASE]
	at org.springframework.web.servlet.FrameworkServlet.doGet(FrameworkServlet.java:860) [spring-webmvc-4.2.4.RELEASE.jar:4.2.4.RELEASE]
	at javax.servlet.http.HttpServlet.service(HttpServlet.java:622) [tomcat-embed-core-8.0.30.jar:8.0.30]
	at org.springframework.web.servlet.FrameworkServlet.service(FrameworkServlet.java:845) [spring-webmvc-4.2.4.RELEASE.jar:4.2.4.RELEASE]
	at javax.servlet.http.HttpServlet.service(HttpServlet.java:729) [tomcat-embed-core-8.0.30.jar:8.0.30]
	at org.apache.catalina.core.ApplicationFilterChain.internalDoFilter(ApplicationFilterChain.java:291) [tomcat-embed-core-8.0.30.jar:8.0.30]
	at org.apache.catalina.core.ApplicationFilterChain.doFilter(ApplicationFilterChain.java:206) [tomcat-embed-core-8.0.30.jar:8.0.30]
	at org.apache.tomcat.websocket.server.WsFilter.doFilter(WsFilter.java:52) [tomcat-embed-websocket-8.0.30.jar:8.0.30]
	at org.apache.catalina.core.ApplicationFilterChain.internalDoFilter(ApplicationFilterChain.java:239) [tomcat-embed-core-8.0.30.jar:8.0.30]
	at org.apache.catalina.core.ApplicationFilterChain.doFilter(ApplicationFilterChain.java:206) [tomcat-embed-core-8.0.30.jar:8.0.30]
	at org.springframework.security.web.FilterChainProxy$VirtualFilterChain.doFilter(FilterChainProxy.java:316) [spring-security-web-4.0.3.RELEASE.jar:4.0.3.RELEASE]
	at org.springframework.security.web.access.intercept.FilterSecurityInterceptor.invoke(FilterSecurityInterceptor.java:126) [spring-security-web-4.0.3.RELEASE.jar:4.0.3.RELEASE]
	at org.springframework.security.web.access.intercept.FilterSecurityInterceptor.doFilter(FilterSecurityInterceptor.java:90) [spring-security-web-4.0.3.RELEASE.jar:4.0.3.RELEASE]
	at org.springframework.security.web.FilterChainProxy$VirtualFilterChain.doFilter(FilterChainProxy.java:330) [spring-security-web-4.0.3.RELEASE.jar:4.0.3.RELEASE]
	at org.springframework.security.web.access.ExceptionTranslationFilter.doFilter(ExceptionTranslationFilter.java:114) [spring-security-web-4.0.3.RELEASE.jar:4.0.3.RELEASE]
	at org.springframework.security.web.FilterChainProxy$VirtualFilterChain.doFilter(FilterChainProxy.java:330) [spring-security-web-4.0.3.RELEASE.jar:4.0.3.RELEASE]
	at org.springframework.security.web.session.SessionManagementFilter.doFilter(SessionManagementFilter.java:122) [spring-security-web-4.0.3.RELEASE.jar:4.0.3.RELEASE]
	at org.springframework.security.web.FilterChainProxy$VirtualFilterChain.doFilter(FilterChainProxy.java:330) [spring-security-web-4.0.3.RELEASE.jar:4.0.3.RELEASE]
	at org.springframework.security.web.authentication.AnonymousAuthenticationFilter.doFilter(AnonymousAuthenticationFilter.java:111) [spring-security-web-4.0.3.RELEASE.jar:4.0.3.RELEASE]
	at org.springframework.security.web.FilterChainProxy$VirtualFilterChain.doFilter(FilterChainProxy.java:330) [spring-security-web-4.0.3.RELEASE.jar:4.0.3.RELEASE]
	at org.springframework.security.web.servletapi.SecurityContextHolderAwareRequestFilter.doFilter(SecurityContextHolderAwareRequestFilter.java:169) [spring-security-web-4.0.3.RELEASE.jar:4.0.3.RELEASE]
	at org.springframework.security.web.FilterChainProxy$VirtualFilterChain.doFilter(FilterChainProxy.java:330) [spring-security-web-4.0.3.RELEASE.jar:4.0.3.RELEASE]
	at org.springframework.security.web.savedrequest.RequestCacheAwareFilter.doFilter(RequestCacheAwareFilter.java:48) [spring-security-web-4.0.3.RELEASE.jar:4.0.3.RELEASE]
	at org.springframework.security.web.FilterChainProxy$VirtualFilterChain.doFilter(FilterChainProxy.java:330) [spring-security-web-4.0.3.RELEASE.jar:4.0.3.RELEASE]
	at org.springframework.security.web.authentication.logout.LogoutFilter.doFilter(LogoutFilter.java:120) [spring-security-web-4.0.3.RELEASE.jar:4.0.3.RELEASE]
	at org.springframework.security.web.FilterChainProxy$VirtualFilterChain.doFilter(FilterChainProxy.java:330) [spring-security-web-4.0.3.RELEASE.jar:4.0.3.RELEASE]
	at org.springframework.security.web.csrf.CsrfFilter.doFilterInternal(CsrfFilter.java:96) [spring-security-web-4.0.3.RELEASE.jar:4.0.3.RELEASE]
	at org.springframework.web.filter.OncePerRequestFilter.doFilter(OncePerRequestFilter.java:107) [spring-web-4.2.4.RELEASE.jar:4.2.4.RELEASE]
	at org.springframework.security.web.FilterChainProxy$VirtualFilterChain.doFilter(FilterChainProxy.java:330) [spring-security-web-4.0.3.RELEASE.jar:4.0.3.RELEASE]
	at org.springframework.security.web.header.HeaderWriterFilter.doFilterInternal(HeaderWriterFilter.java:64) [spring-security-web-4.0.3.RELEASE.jar:4.0.3.RELEASE]
	at org.springframework.web.filter.OncePerRequestFilter.doFilter(OncePerRequestFilter.java:107) [spring-web-4.2.4.RELEASE.jar:4.2.4.RELEASE]
	at org.springframework.security.web.FilterChainProxy$VirtualFilterChain.doFilter(FilterChainProxy.java:330) [spring-security-web-4.0.3.RELEASE.jar:4.0.3.RELEASE]
	at org.springframework.security.web.context.SecurityContextPersistenceFilter.doFilter(SecurityContextPersistenceFilter.java:91) [spring-security-web-4.0.3.RELEASE.jar:4.0.3.RELEASE]
	at org.springframework.security.web.FilterChainProxy$VirtualFilterChain.doFilter(FilterChainProxy.java:330) [spring-security-web-4.0.3.RELEASE.jar:4.0.3.RELEASE]
	at org.springframework.security.web.context.request.async.WebAsyncManagerIntegrationFilter.doFilterInternal(WebAsyncManagerIntegrationFilter.java:53) [spring-security-web-4.0.3.RELEASE.jar:4.0.3.RELEASE]
	at org.springframework.web.filter.OncePerRequestFilter.doFilter(OncePerRequestFilter.java:107) [spring-web-4.2.4.RELEASE.jar:4.2.4.RELEASE]
	at org.springframework.security.web.FilterChainProxy$VirtualFilterChain.doFilter(FilterChainProxy.java:330) [spring-security-web-4.0.3.RELEASE.jar:4.0.3.RELEASE]
	at org.springframework.security.web.FilterChainProxy.doFilterInternal(FilterChainProxy.java:213) [spring-security-web-4.0.3.RELEASE.jar:4.0.3.RELEASE]
	at org.springframework.security.web.FilterChainProxy.doFilter(FilterChainProxy.java:176) [spring-security-web-4.0.3.RELEASE.jar:4.0.3.RELEASE]
	at org.springframework.web.filter.DelegatingFilterProxy.invokeDelegate(DelegatingFilterProxy.java:346) [spring-web-4.2.4.RELEASE.jar:4.2.4.RELEASE]
	at org.springframework.web.filter.DelegatingFilterProxy.doFilter(DelegatingFilterProxy.java:262) [spring-web-4.2.4.RELEASE.jar:4.2.4.RELEASE]
	at org.apache.catalina.core.ApplicationFilterChain.internalDoFilter(ApplicationFilterChain.java:239) [tomcat-embed-core-8.0.30.jar:8.0.30]
	at org.apache.catalina.core.ApplicationFilterChain.doFilter(ApplicationFilterChain.java:206) [tomcat-embed-core-8.0.30.jar:8.0.30]
	at org.springframework.web.filter.RequestContextFilter.doFilterInternal(RequestContextFilter.java:99) [spring-web-4.2.4.RELEASE.jar:4.2.4.RELEASE]
	at org.springframework.web.filter.OncePerRequestFilter.doFilter(OncePerRequestFilter.java:107) [spring-web-4.2.4.RELEASE.jar:4.2.4.RELEASE]
	at org.apache.catalina.core.ApplicationFilterChain.internalDoFilter(ApplicationFilterChain.java:239) [tomcat-embed-core-8.0.30.jar:8.0.30]
	at org.apache.catalina.core.ApplicationFilterChain.doFilter(ApplicationFilterChain.java:206) [tomcat-embed-core-8.0.30.jar:8.0.30]
	at org.springframework.web.filter.CharacterEncodingFilter.doFilterInternal(CharacterEncodingFilter.java:121) [spring-web-4.2.4.RELEASE.jar:4.2.4.RELEASE]
	at org.springframework.web.filter.OncePerRequestFilter.doFilter(OncePerRequestFilter.java:107) [spring-web-4.2.4.RELEASE.jar:4.2.4.RELEASE]
	at org.apache.catalina.core.ApplicationFilterChain.internalDoFilter(ApplicationFilterChain.java:239) [tomcat-embed-core-8.0.30.jar:8.0.30]
	at org.apache.catalina.core.ApplicationFilterChain.doFilter(ApplicationFilterChain.java:206) [tomcat-embed-core-8.0.30.jar:8.0.30]
	at org.apache.catalina.core.StandardWrapperValve.invoke(StandardWrapperValve.java:212) [tomcat-embed-core-8.0.30.jar:8.0.30]
	at org.apache.catalina.core.StandardContextValve.invoke(StandardContextValve.java:106) [tomcat-embed-core-8.0.30.jar:8.0.30]
	at org.apache.catalina.authenticator.AuthenticatorBase.invoke(AuthenticatorBase.java:502) [tomcat-embed-core-8.0.30.jar:8.0.30]
	at org.apache.catalina.core.StandardHostValve.invoke(StandardHostValve.java:141) [tomcat-embed-core-8.0.30.jar:8.0.30]
	at org.apache.catalina.valves.ErrorReportValve.invoke(ErrorReportValve.java:79) [tomcat-embed-core-8.0.30.jar:8.0.30]
	at org.apache.catalina.core.StandardEngineValve.invoke(StandardEngineValve.java:88) [tomcat-embed-core-8.0.30.jar:8.0.30]
	at org.apache.catalina.connector.CoyoteAdapter.service(CoyoteAdapter.java:521) [tomcat-embed-core-8.0.30.jar:8.0.30]
	at org.apache.coyote.http11.AbstractHttp11Processor.process(AbstractHttp11Processor.java:1096) [tomcat-embed-core-8.0.30.jar:8.0.30]
	at org.apache.coyote.AbstractProtocol$AbstractConnectionHandler.process(AbstractProtocol.java:674) [tomcat-embed-core-8.0.30.jar:8.0.30]
	at org.apache.tomcat.util.net.NioEndpoint$SocketProcessor.doRun(NioEndpoint.java:1500) [tomcat-embed-core-8.0.30.jar:8.0.30]
	at org.apache.tomcat.util.net.NioEndpoint$SocketProcessor.run(NioEndpoint.java:1456) [tomcat-embed-core-8.0.30.jar:8.0.30]
	at java.util.concurrent.ThreadPoolExecutor.runWorker(ThreadPoolExecutor.java:1142) [?:1.8.0_72]
	at java.util.concurrent.ThreadPoolExecutor$Worker.run(ThreadPoolExecutor.java:617) [?:1.8.0_72]
	at org.apache.tomcat.util.threads.TaskThread$WrappingRunnable.run(TaskThread.java:61) [tomcat-embed-core-8.0.30.jar:8.0.30]
	at java.lang.Thread.run(Thread.java:745) [?:1.8.0_72]
2016-05-25 02:28:01,277 ERROR org.thymeleaf.TemplateEngine [http-nio-9000-exec-10] [THYMELEAF][http-nio-9000-exec-10] Exception processing template "index": Exception parsing document: template="index", line 59 - column 3
2016-05-25 02:28:01,281 ERROR org.apache.catalina.core.ContainerBase.[Tomcat].[localhost].[/].[dispatcherServlet] [http-nio-9000-exec-10] Servlet.service() for servlet [dispatcherServlet] in context with path [] threw exception [Request processing failed; nested exception is org.thymeleaf.exceptions.TemplateInputException: Exception parsing document: template="index", line 59 - column 3] with root cause
org.xml.sax.SAXParseException: The element type "input" must be terminated by the matching end-tag "</input>".
	at org.apache.xerces.util.ErrorHandlerWrapper.createSAXParseException(Unknown Source) ~[xercesImpl-2.10.0.jar:?]
	at org.apache.xerces.util.ErrorHandlerWrapper.fatalError(Unknown Source) ~[xercesImpl-2.10.0.jar:?]
	at org.apache.xerces.impl.XMLErrorReporter.reportError(Unknown Source) ~[xercesImpl-2.10.0.jar:?]
	at org.apache.xerces.impl.XMLErrorReporter.reportError(Unknown Source) ~[xercesImpl-2.10.0.jar:?]
	at org.apache.xerces.impl.XMLErrorReporter.reportError(Unknown Source) ~[xercesImpl-2.10.0.jar:?]
	at org.apache.xerces.impl.XMLScanner.reportFatalError(Unknown Source) ~[xercesImpl-2.10.0.jar:?]
	at org.apache.xerces.impl.XMLDocumentFragmentScannerImpl.scanEndElement(Unknown Source) ~[xercesImpl-2.10.0.jar:?]
	at org.apache.xerces.impl.XMLDocumentFragmentScannerImpl$FragmentContentDispatcher.dispatch(Unknown Source) ~[xercesImpl-2.10.0.jar:?]
	at org.apache.xerces.impl.XMLDocumentFragmentScannerImpl.scanDocument(Unknown Source) ~[xercesImpl-2.10.0.jar:?]
	at org.apache.xerces.parsers.XML11Configuration.parse(Unknown Source) ~[xercesImpl-2.10.0.jar:?]
	at org.apache.xerces.parsers.XML11Configuration.parse(Unknown Source) ~[xercesImpl-2.10.0.jar:?]
	at org.apache.xerces.parsers.XMLParser.parse(Unknown Source) ~[xercesImpl-2.10.0.jar:?]
	at org.apache.xerces.parsers.AbstractSAXParser.parse(Unknown Source) ~[xercesImpl-2.10.0.jar:?]
	at org.apache.xerces.jaxp.SAXParserImpl$JAXPSAXParser.parse(Unknown Source) ~[xercesImpl-2.10.0.jar:?]
	at org.apache.xerces.jaxp.SAXParserImpl.parse(Unknown Source) ~[xercesImpl-2.10.0.jar:?]
	at org.thymeleaf.templateparser.xmlsax.AbstractNonValidatingSAXTemplateParser.doParse(AbstractNonValidatingSAXTemplateParser.java:209) ~[thymeleaf-2.1.4.RELEASE.jar:2.1.4.RELEASE]
	at org.thymeleaf.templateparser.xmlsax.AbstractNonValidatingSAXTemplateParser.parseTemplateUsingPool(AbstractNonValidatingSAXTemplateParser.java:134) ~[thymeleaf-2.1.4.RELEASE.jar:2.1.4.RELEASE]
	at org.thymeleaf.templateparser.xmlsax.AbstractNonValidatingSAXTemplateParser.parseTemplate(AbstractNonValidatingSAXTemplateParser.java:116) ~[thymeleaf-2.1.4.RELEASE.jar:2.1.4.RELEASE]
	at org.thymeleaf.TemplateRepository.getTemplate(TemplateRepository.java:278) ~[thymeleaf-2.1.4.RELEASE.jar:2.1.4.RELEASE]
	at org.thymeleaf.TemplateEngine.process(TemplateEngine.java:1104) ~[thymeleaf-2.1.4.RELEASE.jar:2.1.4.RELEASE]
	at org.thymeleaf.TemplateEngine.process(TemplateEngine.java:1060) ~[thymeleaf-2.1.4.RELEASE.jar:2.1.4.RELEASE]
	at org.thymeleaf.TemplateEngine.process(TemplateEngine.java:1011) ~[thymeleaf-2.1.4.RELEASE.jar:2.1.4.RELEASE]
	at org.thymeleaf.spring4.view.ThymeleafView.renderFragment(ThymeleafView.java:335) ~[thymeleaf-spring4-2.1.4.RELEASE.jar:2.1.4.RELEASE]
	at org.thymeleaf.spring4.view.ThymeleafView.render(ThymeleafView.java:190) ~[thymeleaf-spring4-2.1.4.RELEASE.jar:2.1.4.RELEASE]
	at org.springframework.web.servlet.DispatcherServlet.render(DispatcherServlet.java:1243) ~[spring-webmvc-4.2.4.RELEASE.jar:4.2.4.RELEASE]
	at org.springframework.web.servlet.DispatcherServlet.processDispatchResult(DispatcherServlet.java:1027) ~[spring-webmvc-4.2.4.RELEASE.jar:4.2.4.RELEASE]
	at org.springframework.web.servlet.DispatcherServlet.doDispatch(DispatcherServlet.java:971) ~[spring-webmvc-4.2.4.RELEASE.jar:4.2.4.RELEASE]
	at org.springframework.web.servlet.DispatcherServlet.doService(DispatcherServlet.java:893) ~[spring-webmvc-4.2.4.RELEASE.jar:4.2.4.RELEASE]
	at org.springframework.web.servlet.FrameworkServlet.processRequest(FrameworkServlet.java:969) ~[spring-webmvc-4.2.4.RELEASE.jar:4.2.4.RELEASE]
	at org.springframework.web.servlet.FrameworkServlet.doGet(FrameworkServlet.java:860) ~[spring-webmvc-4.2.4.RELEASE.jar:4.2.4.RELEASE]
	at javax.servlet.http.HttpServlet.service(HttpServlet.java:622) ~[tomcat-embed-core-8.0.30.jar:8.0.30]
	at org.springframework.web.servlet.FrameworkServlet.service(FrameworkServlet.java:845) ~[spring-webmvc-4.2.4.RELEASE.jar:4.2.4.RELEASE]
	at javax.servlet.http.HttpServlet.service(HttpServlet.java:729) ~[tomcat-embed-core-8.0.30.jar:8.0.30]
	at org.apache.catalina.core.ApplicationFilterChain.internalDoFilter(ApplicationFilterChain.java:291) ~[tomcat-embed-core-8.0.30.jar:8.0.30]
	at org.apache.catalina.core.ApplicationFilterChain.doFilter(ApplicationFilterChain.java:206) ~[tomcat-embed-core-8.0.30.jar:8.0.30]
	at org.apache.tomcat.websocket.server.WsFilter.doFilter(WsFilter.java:52) ~[tomcat-embed-websocket-8.0.30.jar:8.0.30]
	at org.apache.catalina.core.ApplicationFilterChain.internalDoFilter(ApplicationFilterChain.java:239) ~[tomcat-embed-core-8.0.30.jar:8.0.30]
	at org.apache.catalina.core.ApplicationFilterChain.doFilter(ApplicationFilterChain.java:206) ~[tomcat-embed-core-8.0.30.jar:8.0.30]
	at org.springframework.security.web.FilterChainProxy$VirtualFilterChain.doFilter(FilterChainProxy.java:316) ~[spring-security-web-4.0.3.RELEASE.jar:4.0.3.RELEASE]
	at org.springframework.security.web.access.intercept.FilterSecurityInterceptor.invoke(FilterSecurityInterceptor.java:126) ~[spring-security-web-4.0.3.RELEASE.jar:4.0.3.RELEASE]
	at org.springframework.security.web.access.intercept.FilterSecurityInterceptor.doFilter(FilterSecurityInterceptor.java:90) ~[spring-security-web-4.0.3.RELEASE.jar:4.0.3.RELEASE]
	at org.springframework.security.web.FilterChainProxy$VirtualFilterChain.doFilter(FilterChainProxy.java:330) ~[spring-security-web-4.0.3.RELEASE.jar:4.0.3.RELEASE]
	at org.springframework.security.web.access.ExceptionTranslationFilter.doFilter(ExceptionTranslationFilter.java:114) ~[spring-security-web-4.0.3.RELEASE.jar:4.0.3.RELEASE]
	at org.springframework.security.web.FilterChainProxy$VirtualFilterChain.doFilter(FilterChainProxy.java:330) ~[spring-security-web-4.0.3.RELEASE.jar:4.0.3.RELEASE]
	at org.springframework.security.web.session.SessionManagementFilter.doFilter(SessionManagementFilter.java:122) ~[spring-security-web-4.0.3.RELEASE.jar:4.0.3.RELEASE]
	at org.springframework.security.web.FilterChainProxy$VirtualFilterChain.doFilter(FilterChainProxy.java:330) ~[spring-security-web-4.0.3.RELEASE.jar:4.0.3.RELEASE]
	at org.springframework.security.web.authentication.AnonymousAuthenticationFilter.doFilter(AnonymousAuthenticationFilter.java:111) ~[spring-security-web-4.0.3.RELEASE.jar:4.0.3.RELEASE]
	at org.springframework.security.web.FilterChainProxy$VirtualFilterChain.doFilter(FilterChainProxy.java:330) ~[spring-security-web-4.0.3.RELEASE.jar:4.0.3.RELEASE]
	at org.springframework.security.web.servletapi.SecurityContextHolderAwareRequestFilter.doFilter(SecurityContextHolderAwareRequestFilter.java:169) ~[spring-security-web-4.0.3.RELEASE.jar:4.0.3.RELEASE]
	at org.springframework.security.web.FilterChainProxy$VirtualFilterChain.doFilter(FilterChainProxy.java:330) ~[spring-security-web-4.0.3.RELEASE.jar:4.0.3.RELEASE]
	at org.springframework.security.web.savedrequest.RequestCacheAwareFilter.doFilter(RequestCacheAwareFilter.java:48) ~[spring-security-web-4.0.3.RELEASE.jar:4.0.3.RELEASE]
	at org.springframework.security.web.FilterChainProxy$VirtualFilterChain.doFilter(FilterChainProxy.java:330) ~[spring-security-web-4.0.3.RELEASE.jar:4.0.3.RELEASE]
	at org.springframework.security.web.authentication.logout.LogoutFilter.doFilter(LogoutFilter.java:120) ~[spring-security-web-4.0.3.RELEASE.jar:4.0.3.RELEASE]
	at org.springframework.security.web.FilterChainProxy$VirtualFilterChain.doFilter(FilterChainProxy.java:330) ~[spring-security-web-4.0.3.RELEASE.jar:4.0.3.RELEASE]
	at org.springframework.security.web.csrf.CsrfFilter.doFilterInternal(CsrfFilter.java:96) ~[spring-security-web-4.0.3.RELEASE.jar:4.0.3.RELEASE]
	at org.springframework.web.filter.OncePerRequestFilter.doFilter(OncePerRequestFilter.java:107) ~[spring-web-4.2.4.RELEASE.jar:4.2.4.RELEASE]
	at org.springframework.security.web.FilterChainProxy$VirtualFilterChain.doFilter(FilterChainProxy.java:330) ~[spring-security-web-4.0.3.RELEASE.jar:4.0.3.RELEASE]
	at org.springframework.security.web.header.HeaderWriterFilter.doFilterInternal(HeaderWriterFilter.java:64) ~[spring-security-web-4.0.3.RELEASE.jar:4.0.3.RELEASE]
	at org.springframework.web.filter.OncePerRequestFilter.doFilter(OncePerRequestFilter.java:107) ~[spring-web-4.2.4.RELEASE.jar:4.2.4.RELEASE]
	at org.springframework.security.web.FilterChainProxy$VirtualFilterChain.doFilter(FilterChainProxy.java:330) ~[spring-security-web-4.0.3.RELEASE.jar:4.0.3.RELEASE]
	at org.springframework.security.web.context.SecurityContextPersistenceFilter.doFilter(SecurityContextPersistenceFilter.java:91) ~[spring-security-web-4.0.3.RELEASE.jar:4.0.3.RELEASE]
	at org.springframework.security.web.FilterChainProxy$VirtualFilterChain.doFilter(FilterChainProxy.java:330) ~[spring-security-web-4.0.3.RELEASE.jar:4.0.3.RELEASE]
	at org.springframework.security.web.context.request.async.WebAsyncManagerIntegrationFilter.doFilterInternal(WebAsyncManagerIntegrationFilter.java:53) ~[spring-security-web-4.0.3.RELEASE.jar:4.0.3.RELEASE]
	at org.springframework.web.filter.OncePerRequestFilter.doFilter(OncePerRequestFilter.java:107) ~[spring-web-4.2.4.RELEASE.jar:4.2.4.RELEASE]
	at org.springframework.security.web.FilterChainProxy$VirtualFilterChain.doFilter(FilterChainProxy.java:330) ~[spring-security-web-4.0.3.RELEASE.jar:4.0.3.RELEASE]
	at org.springframework.security.web.FilterChainProxy.doFilterInternal(FilterChainProxy.java:213) ~[spring-security-web-4.0.3.RELEASE.jar:4.0.3.RELEASE]
	at org.springframework.security.web.FilterChainProxy.doFilter(FilterChainProxy.java:176) ~[spring-security-web-4.0.3.RELEASE.jar:4.0.3.RELEASE]
	at org.springframework.web.filter.DelegatingFilterProxy.invokeDelegate(DelegatingFilterProxy.java:346) ~[spring-web-4.2.4.RELEASE.jar:4.2.4.RELEASE]
	at org.springframework.web.filter.DelegatingFilterProxy.doFilter(DelegatingFilterProxy.java:262) ~[spring-web-4.2.4.RELEASE.jar:4.2.4.RELEASE]
	at org.apache.catalina.core.ApplicationFilterChain.internalDoFilter(ApplicationFilterChain.java:239) ~[tomcat-embed-core-8.0.30.jar:8.0.30]
	at org.apache.catalina.core.ApplicationFilterChain.doFilter(ApplicationFilterChain.java:206) ~[tomcat-embed-core-8.0.30.jar:8.0.30]
	at org.springframework.web.filter.RequestContextFilter.doFilterInternal(RequestContextFilter.java:99) ~[spring-web-4.2.4.RELEASE.jar:4.2.4.RELEASE]
	at org.springframework.web.filter.OncePerRequestFilter.doFilter(OncePerRequestFilter.java:107) ~[spring-web-4.2.4.RELEASE.jar:4.2.4.RELEASE]
	at org.apache.catalina.core.ApplicationFilterChain.internalDoFilter(ApplicationFilterChain.java:239) ~[tomcat-embed-core-8.0.30.jar:8.0.30]
	at org.apache.catalina.core.ApplicationFilterChain.doFilter(ApplicationFilterChain.java:206) ~[tomcat-embed-core-8.0.30.jar:8.0.30]
	at org.springframework.web.filter.CharacterEncodingFilter.doFilterInternal(CharacterEncodingFilter.java:121) ~[spring-web-4.2.4.RELEASE.jar:4.2.4.RELEASE]
	at org.springframework.web.filter.OncePerRequestFilter.doFilter(OncePerRequestFilter.java:107) ~[spring-web-4.2.4.RELEASE.jar:4.2.4.RELEASE]
	at org.apache.catalina.core.ApplicationFilterChain.internalDoFilter(ApplicationFilterChain.java:239) ~[tomcat-embed-core-8.0.30.jar:8.0.30]
	at org.apache.catalina.core.ApplicationFilterChain.doFilter(ApplicationFilterChain.java:206) ~[tomcat-embed-core-8.0.30.jar:8.0.30]
	at org.apache.catalina.core.StandardWrapperValve.invoke(StandardWrapperValve.java:212) [tomcat-embed-core-8.0.30.jar:8.0.30]
	at org.apache.catalina.core.StandardContextValve.invoke(StandardContextValve.java:106) [tomcat-embed-core-8.0.30.jar:8.0.30]
	at org.apache.catalina.authenticator.AuthenticatorBase.invoke(AuthenticatorBase.java:502) [tomcat-embed-core-8.0.30.jar:8.0.30]
	at org.apache.catalina.core.StandardHostValve.invoke(StandardHostValve.java:141) [tomcat-embed-core-8.0.30.jar:8.0.30]
	at org.apache.catalina.valves.ErrorReportValve.invoke(ErrorReportValve.java:79) [tomcat-embed-core-8.0.30.jar:8.0.30]
	at org.apache.catalina.core.StandardEngineValve.invoke(StandardEngineValve.java:88) [tomcat-embed-core-8.0.30.jar:8.0.30]
	at org.apache.catalina.connector.CoyoteAdapter.service(CoyoteAdapter.java:521) [tomcat-embed-core-8.0.30.jar:8.0.30]
	at org.apache.coyote.http11.AbstractHttp11Processor.process(AbstractHttp11Processor.java:1096) [tomcat-embed-core-8.0.30.jar:8.0.30]
	at org.apache.coyote.AbstractProtocol$AbstractConnectionHandler.process(AbstractProtocol.java:674) [tomcat-embed-core-8.0.30.jar:8.0.30]
	at org.apache.tomcat.util.net.NioEndpoint$SocketProcessor.doRun(NioEndpoint.java:1500) [tomcat-embed-core-8.0.30.jar:8.0.30]
	at org.apache.tomcat.util.net.NioEndpoint$SocketProcessor.run(NioEndpoint.java:1456) [tomcat-embed-core-8.0.30.jar:8.0.30]
	at java.util.concurrent.ThreadPoolExecutor.runWorker(ThreadPoolExecutor.java:1142) [?:1.8.0_72]
	at java.util.concurrent.ThreadPoolExecutor$Worker.run(ThreadPoolExecutor.java:617) [?:1.8.0_72]
	at org.apache.tomcat.util.threads.TaskThread$WrappingRunnable.run(TaskThread.java:61) [tomcat-embed-core-8.0.30.jar:8.0.30]
	at java.lang.Thread.run(Thread.java:745) [?:1.8.0_72]
